Determining if the pthread_create exist failed with the following output:
Change Dir: /home/dyros-vehicle/gitrepo/lockdpwn/ROS/vrep_ros_ws/build/ros_bubble_rob2/CMakeFiles/CMakeTmp

Run Build Command:"/usr/bin/make" "cmTC_45554/fast"
/usr/bin/make -f CMakeFiles/cmTC_45554.dir/build.make CMakeFiles/cmTC_45554.dir/build
make[1]: Entering directory `/home/dyros-vehicle/gitrepo/lockdpwn/ROS/vrep_ros_ws/build/ros_bubble_rob2/CMakeFiles/CMakeTmp'
Building C object CMakeFiles/cmTC_45554.dir/CheckSymbolExists.c.o
/usr/bin/cc     -o CMakeFiles/cmTC_45554.dir/CheckSymbolExists.c.o   -c /home/dyros-vehicle/gitrepo/lockdpwn/ROS/vrep_ros_ws/build/ros_bubble_rob2/CMakeFiles/CMakeTmp/CheckSymbolExists.c
Linking C executable cmTC_45554
/usr/bin/cmake -E cmake_link_script CMakeFiles/cmTC_45554.dir/link.txt --verbose=1
/usr/bin/cc       CMakeFiles/cmTC_45554.dir/CheckSymbolExists.c.o  -o cmTC_45554 -rdynamic 
CMakeFiles/cmTC_45554.dir/CheckSymbolExists.c.o: In function `main':
CheckSymbolExists.c:(.text+0x16): undefined reference to `pthread_create'
collect2: error: ld returned 1 exit status
make[1]: *** [cmTC_45554] 오류 1
make[1]: Leaving directory `/home/dyros-vehicle/gitrepo/lockdpwn/ROS/vrep_ros_ws/build/ros_bubble_rob2/CMakeFiles/CMakeTmp'
make: *** [cmTC_45554/fast] 오류 2

File /home/dyros-vehicle/gitrepo/lockdpwn/ROS/vrep_ros_ws/build/ros_bubble_rob2/CMakeFiles/CMakeTmp/CheckSymbolExists.c:
/* */
#include <pthread.h>

int main(int argc, char** argv)
{
  (void)argv;
#ifndef pthread_create
  return ((int*)(&pthread_create))[argc];
#else
  (void)argc;
  return 0;
#endif
}

Determining if the function pthread_create exists in the pthreads failed with the following output:
Change Dir: /home/dyros-vehicle/gitrepo/lockdpwn/ROS/vrep_ros_ws/build/ros_bubble_rob2/CMakeFiles/CMakeTmp

Run Build Command:"/usr/bin/make" "cmTC_5884b/fast"
/usr/bin/make -f CMakeFiles/cmTC_5884b.dir/build.make CMakeFiles/cmTC_5884b.dir/build
make[1]: Entering directory `/home/dyros-vehicle/gitrepo/lockdpwn/ROS/vrep_ros_ws/build/ros_bubble_rob2/CMakeFiles/CMakeTmp'
Building C object CMakeFiles/cmTC_5884b.dir/CheckFunctionExists.c.o
/usr/bin/cc    -DCHECK_FUNCTION_EXISTS=pthread_create   -o CMakeFiles/cmTC_5884b.dir/CheckFunctionExists.c.o   -c /usr/share/cmake-3.5/Modules/CheckFunctionExists.c
Linking C executable cmTC_5884b
/usr/bin/cmake -E cmake_link_script CMakeFiles/cmTC_5884b.dir/link.txt --verbose=1
/usr/bin/cc   -DCHECK_FUNCTION_EXISTS=pthread_create    CMakeFiles/cmTC_5884b.dir/CheckFunctionExists.c.o  -o cmTC_5884b -rdynamic -lpthreads 
/usr/bin/ld: cannot find -lpthreads
collect2: error: ld returned 1 exit status
make[1]: *** [cmTC_5884b] 오류 1
make[1]: Leaving directory `/home/dyros-vehicle/gitrepo/lockdpwn/ROS/vrep_ros_ws/build/ros_bubble_rob2/CMakeFiles/CMakeTmp'
make: *** [cmTC_5884b/fast] 오류 2


