Determining if the pthread_create exist failed with the following output:
Change Dir: /home/odroid/gitrepo/lockdpwn/ROS/catkin_ws/build/CMakeFiles/CMakeTmp

Run Build Command:/usr/bin/make "cmTryCompileExec4032381622/fast"
/usr/bin/make -f CMakeFiles/cmTryCompileExec4032381622.dir/build.make CMakeFiles/cmTryCompileExec4032381622.dir/build
make[1]: Entering directory `/home/odroid/gitrepo/lockdpwn/ROS/catkin_ws/build/CMakeFiles/CMakeTmp'
/usr/bin/cmake -E cmake_progress_report /home/odroid/gitrepo/lockdpwn/ROS/catkin_ws/build/CMakeFiles/CMakeTmp/CMakeFiles 1
Building C object CMakeFiles/cmTryCompileExec4032381622.dir/CheckSymbolExists.c.o
/usr/bin/cc    -o CMakeFiles/cmTryCompileExec4032381622.dir/CheckSymbolExists.c.o   -c /home/odroid/gitrepo/lockdpwn/ROS/catkin_ws/build/CMakeFiles/CMakeTmp/CheckSymbolExists.c
Linking C executable cmTryCompileExec4032381622
/usr/bin/cmake -E cmake_link_script CMakeFiles/cmTryCompileExec4032381622.dir/link.txt --verbose=1
/usr/bin/cc       CMakeFiles/cmTryCompileExec4032381622.dir/CheckSymbolExists.c.o  -o cmTryCompileExec4032381622 -rdynamic 
CMakeFiles/cmTryCompileExec4032381622.dir/CheckSymbolExists.c.o: In function `main':
CheckSymbolExists.c:(.text+0xe): undefined reference to `pthread_create'
CheckSymbolExists.c:(.text+0x12): undefined reference to `pthread_create'
collect2: error: ld returned 1 exit status
make[1]: *** [cmTryCompileExec4032381622] Error 1
make[1]: Leaving directory `/home/odroid/gitrepo/lockdpwn/ROS/catkin_ws/build/CMakeFiles/CMakeTmp'
make: *** [cmTryCompileExec4032381622/fast] Error 2

File /home/odroid/gitrepo/lockdpwn/ROS/catkin_ws/build/CMakeFiles/CMakeTmp/CheckSymbolExists.c:
/* */
#include <pthread.h>

int main(int argc, char** argv)
{
  (void)argv;
#ifndef pthread_create
  return ((int*)(&pthread_create))[argc];
#else
  (void)argc;
  return 0;
#endif
}

Determining if the function pthread_create exists in the pthreads failed with the following output:
Change Dir: /home/odroid/gitrepo/lockdpwn/ROS/catkin_ws/build/CMakeFiles/CMakeTmp

Run Build Command:/usr/bin/make "cmTryCompileExec904927455/fast"
/usr/bin/make -f CMakeFiles/cmTryCompileExec904927455.dir/build.make CMakeFiles/cmTryCompileExec904927455.dir/build
make[1]: Entering directory `/home/odroid/gitrepo/lockdpwn/ROS/catkin_ws/build/CMakeFiles/CMakeTmp'
/usr/bin/cmake -E cmake_progress_report /home/odroid/gitrepo/lockdpwn/ROS/catkin_ws/build/CMakeFiles/CMakeTmp/CMakeFiles 1
Building C object CMakeFiles/cmTryCompileExec904927455.dir/CheckFunctionExists.c.o
/usr/bin/cc   -DCHECK_FUNCTION_EXISTS=pthread_create   -o CMakeFiles/cmTryCompileExec904927455.dir/CheckFunctionExists.c.o   -c /usr/share/cmake-2.8/Modules/CheckFunctionExists.c
Linking C executable cmTryCompileExec904927455
/usr/bin/cmake -E cmake_link_script CMakeFiles/cmTryCompileExec904927455.dir/link.txt --verbose=1
/usr/bin/cc   -DCHECK_FUNCTION_EXISTS=pthread_create    CMakeFiles/cmTryCompileExec904927455.dir/CheckFunctionExists.c.o  -o cmTryCompileExec904927455 -rdynamic -lpthreads 
/usr/bin/ld.bfd.real: cannot find -lpthreads
collect2: error: ld returned 1 exit status
make[1]: *** [cmTryCompileExec904927455] Error 1
make[1]: Leaving directory `/home/odroid/gitrepo/lockdpwn/ROS/catkin_ws/build/CMakeFiles/CMakeTmp'
make: *** [cmTryCompileExec904927455/fast] Error 2


