Symlinking /home/dyros-vehicle/gitrepo/lockdpwn/ROS/vrep_ros_ws/devel/lib/python2.7/dist-packages/vrep_skeleton_msg_and_srv/__init__.py
Symlinking /home/dyros-vehicle/gitrepo/lockdpwn/ROS/vrep_ros_ws/devel/lib/python2.7/dist-packages/vrep_skeleton_msg_and_srv/srv/__init__.py
Symlinking /home/dyros-vehicle/gitrepo/lockdpwn/ROS/vrep_ros_ws/devel/lib/python2.7/dist-packages/vrep_skeleton_msg_and_srv/srv/_displayText.py
Symlinking /home/dyros-vehicle/gitrepo/lockdpwn/ROS/vrep_ros_ws/devel/lib/pkgconfig/vrep_skeleton_msg_and_srv.pc
Symlinking /home/dyros-vehicle/gitrepo/lockdpwn/ROS/vrep_ros_ws/devel/include/vrep_skeleton_msg_and_srv/displayTextRequest.h
Symlinking /home/dyros-vehicle/gitrepo/lockdpwn/ROS/vrep_ros_ws/devel/include/vrep_skeleton_msg_and_srv/displayText.h
Symlinking /home/dyros-vehicle/gitrepo/lockdpwn/ROS/vrep_ros_ws/devel/include/vrep_skeleton_msg_and_srv/displayTextResponse.h
Symlinking /home/dyros-vehicle/gitrepo/lockdpwn/ROS/vrep_ros_ws/devel/share/vrep_skeleton_msg_and_srv/cmake/vrep_skeleton_msg_and_srvConfig.cmake
Symlinking /home/dyros-vehicle/gitrepo/lockdpwn/ROS/vrep_ros_ws/devel/share/vrep_skeleton_msg_and_srv/cmake/vrep_skeleton_msg_and_srvConfig-version.cmake
Symlinking /home/dyros-vehicle/gitrepo/lockdpwn/ROS/vrep_ros_ws/devel/share/vrep_skeleton_msg_and_srv/cmake/vrep_skeleton_msg_and_srv-msg-extras.cmake
Symlinking /home/dyros-vehicle/gitrepo/lockdpwn/ROS/vrep_ros_ws/devel/share/vrep_skeleton_msg_and_srv/cmake/vrep_skeleton_msg_and_srv-msg-paths.cmake
Symlinking /home/dyros-vehicle/gitrepo/lockdpwn/ROS/vrep_ros_ws/devel/share/roseus/ros/vrep_skeleton_msg_and_srv/manifest.l
Symlinking /home/dyros-vehicle/gitrepo/lockdpwn/ROS/vrep_ros_ws/devel/share/roseus/ros/vrep_skeleton_msg_and_srv/srv/displayText.l
Symlinking /home/dyros-vehicle/gitrepo/lockdpwn/ROS/vrep_ros_ws/devel/share/common-lisp/ros/vrep_skeleton_msg_and_srv/srv/_package_displayText.lisp
Symlinking /home/dyros-vehicle/gitrepo/lockdpwn/ROS/vrep_ros_ws/devel/share/common-lisp/ros/vrep_skeleton_msg_and_srv/srv/_package.lisp
Symlinking /home/dyros-vehicle/gitrepo/lockdpwn/ROS/vrep_ros_ws/devel/share/common-lisp/ros/vrep_skeleton_msg_and_srv/srv/displayText.lisp
Symlinking /home/dyros-vehicle/gitrepo/lockdpwn/ROS/vrep_ros_ws/devel/share/common-lisp/ros/vrep_skeleton_msg_and_srv/srv/vrep_skeleton_msg_and_srv-srv.asd
Cleaning: (/home/dyros-vehicle/gitrepo/quickstart_ws/devel/.private/vrep_skeleton_msg_and_srv/share/common-lisp/ros/vrep_skeleton_msg_and_srv/srv/_package.lisp, /home/dyros-vehicle/gitrepo/quickstart_ws/devel/share/common-lisp/ros/vrep_skeleton_msg_and_srv/srv/_package.lisp)
Cleaning: (/home/dyros-vehicle/gitrepo/quickstart_ws/devel/.private/vrep_skeleton_msg_and_srv/share/common-lisp/ros/vrep_skeleton_msg_and_srv/srv/_package_displayText.lisp, /home/dyros-vehicle/gitrepo/quickstart_ws/devel/share/common-lisp/ros/vrep_skeleton_msg_and_srv/srv/_package_displayText.lisp)
Cleaning: (/home/dyros-vehicle/gitrepo/quickstart_ws/devel/.private/vrep_skeleton_msg_and_srv/share/common-lisp/ros/vrep_skeleton_msg_and_srv/srv/displayText.lisp, /home/dyros-vehicle/gitrepo/quickstart_ws/devel/share/common-lisp/ros/vrep_skeleton_msg_and_srv/srv/displayText.lisp)
Cleaning: (/home/dyros-vehicle/gitrepo/quickstart_ws/devel/.private/vrep_skeleton_msg_and_srv/share/common-lisp/ros/vrep_skeleton_msg_and_srv/srv/vrep_skeleton_msg_and_srv-srv.asd, /home/dyros-vehicle/gitrepo/quickstart_ws/devel/share/common-lisp/ros/vrep_skeleton_msg_and_srv/srv/vrep_skeleton_msg_and_srv-srv.asd)
Cleaning: (/home/dyros-vehicle/gitrepo/quickstart_ws/devel/.private/vrep_skeleton_msg_and_srv/share/vrep_skeleton_msg_and_srv/cmake/vrep_skeleton_msg_and_srv-msg-paths.cmake, /home/dyros-vehicle/gitrepo/quickstart_ws/devel/share/vrep_skeleton_msg_and_srv/cmake/vrep_skeleton_msg_and_srv-msg-paths.cmake)
Cleaning: (/home/dyros-vehicle/gitrepo/quickstart_ws/devel/.private/vrep_skeleton_msg_and_srv/share/vrep_skeleton_msg_and_srv/cmake/vrep_skeleton_msg_and_srvConfig.cmake, /home/dyros-vehicle/gitrepo/quickstart_ws/devel/share/vrep_skeleton_msg_and_srv/cmake/vrep_skeleton_msg_and_srvConfig.cmake)
Cleaning: (/home/dyros-vehicle/gitrepo/quickstart_ws/devel/.private/vrep_skeleton_msg_and_srv/share/vrep_skeleton_msg_and_srv/cmake/vrep_skeleton_msg_and_srv-msg-extras.cmake, /home/dyros-vehicle/gitrepo/quickstart_ws/devel/share/vrep_skeleton_msg_and_srv/cmake/vrep_skeleton_msg_and_srv-msg-extras.cmake)
Cleaning: (/home/dyros-vehicle/gitrepo/quickstart_ws/devel/.private/vrep_skeleton_msg_and_srv/share/vrep_skeleton_msg_and_srv/cmake/vrep_skeleton_msg_and_srvConfig-version.cmake, /home/dyros-vehicle/gitrepo/quickstart_ws/devel/share/vrep_skeleton_msg_and_srv/cmake/vrep_skeleton_msg_and_srvConfig-version.cmake)
Cleaning: (/home/dyros-vehicle/gitrepo/quickstart_ws/devel/.private/vrep_skeleton_msg_and_srv/share/roseus/ros/vrep_skeleton_msg_and_srv/manifest.l, /home/dyros-vehicle/gitrepo/quickstart_ws/devel/share/roseus/ros/vrep_skeleton_msg_and_srv/manifest.l)
Cleaning: (/home/dyros-vehicle/gitrepo/quickstart_ws/devel/.private/vrep_skeleton_msg_and_srv/share/roseus/ros/vrep_skeleton_msg_and_srv/srv/displayText.l, /home/dyros-vehicle/gitrepo/quickstart_ws/devel/share/roseus/ros/vrep_skeleton_msg_and_srv/srv/displayText.l)
Cleaning: (/home/dyros-vehicle/gitrepo/quickstart_ws/devel/.private/vrep_skeleton_msg_and_srv/lib/python2.7/dist-packages/vrep_skeleton_msg_and_srv/__init__.py, /home/dyros-vehicle/gitrepo/quickstart_ws/devel/lib/python2.7/dist-packages/vrep_skeleton_msg_and_srv/__init__.py)
Cleaning: (/home/dyros-vehicle/gitrepo/quickstart_ws/devel/.private/vrep_skeleton_msg_and_srv/lib/python2.7/dist-packages/vrep_skeleton_msg_and_srv/srv/_displayText.py, /home/dyros-vehicle/gitrepo/quickstart_ws/devel/lib/python2.7/dist-packages/vrep_skeleton_msg_and_srv/srv/_displayText.py)
Cleaning: (/home/dyros-vehicle/gitrepo/quickstart_ws/devel/.private/vrep_skeleton_msg_and_srv/lib/python2.7/dist-packages/vrep_skeleton_msg_and_srv/srv/__init__.py, /home/dyros-vehicle/gitrepo/quickstart_ws/devel/lib/python2.7/dist-packages/vrep_skeleton_msg_and_srv/srv/__init__.py)
Cleaning: (/home/dyros-vehicle/gitrepo/quickstart_ws/devel/.private/vrep_skeleton_msg_and_srv/lib/pkgconfig/vrep_skeleton_msg_and_srv.pc, /home/dyros-vehicle/gitrepo/quickstart_ws/devel/lib/pkgconfig/vrep_skeleton_msg_and_srv.pc)
Cleaning: (/home/dyros-vehicle/gitrepo/quickstart_ws/devel/.private/vrep_skeleton_msg_and_srv/include/vrep_skeleton_msg_and_srv/displayText.h, /home/dyros-vehicle/gitrepo/quickstart_ws/devel/include/vrep_skeleton_msg_and_srv/displayText.h)
Cleaning: (/home/dyros-vehicle/gitrepo/quickstart_ws/devel/.private/vrep_skeleton_msg_and_srv/include/vrep_skeleton_msg_and_srv/displayTextRequest.h, /home/dyros-vehicle/gitrepo/quickstart_ws/devel/include/vrep_skeleton_msg_and_srv/displayTextRequest.h)
Cleaning: (/home/dyros-vehicle/gitrepo/quickstart_ws/devel/.private/vrep_skeleton_msg_and_srv/include/vrep_skeleton_msg_and_srv/displayTextResponse.h, /home/dyros-vehicle/gitrepo/quickstart_ws/devel/include/vrep_skeleton_msg_and_srv/displayTextResponse.h)
Unlinking: /home/dyros-vehicle/gitrepo/quickstart_ws/devel/share/common-lisp/ros/vrep_skeleton_msg_and_srv/srv/_package.lisp
Already unlinked: {}
Unlinking: /home/dyros-vehicle/gitrepo/quickstart_ws/devel/share/common-lisp/ros/vrep_skeleton_msg_and_srv/srv/_package_displayText.lisp
Already unlinked: {}
Unlinking: /home/dyros-vehicle/gitrepo/quickstart_ws/devel/share/common-lisp/ros/vrep_skeleton_msg_and_srv/srv/displayText.lisp
Already unlinked: {}
Unlinking: /home/dyros-vehicle/gitrepo/quickstart_ws/devel/share/common-lisp/ros/vrep_skeleton_msg_and_srv/srv/vrep_skeleton_msg_and_srv-srv.asd
Already unlinked: {}
Unlinking: /home/dyros-vehicle/gitrepo/quickstart_ws/devel/share/vrep_skeleton_msg_and_srv/cmake/vrep_skeleton_msg_and_srv-msg-paths.cmake
Already unlinked: {}
Unlinking: /home/dyros-vehicle/gitrepo/quickstart_ws/devel/share/vrep_skeleton_msg_and_srv/cmake/vrep_skeleton_msg_and_srvConfig.cmake
Already unlinked: {}
Unlinking: /home/dyros-vehicle/gitrepo/quickstart_ws/devel/share/vrep_skeleton_msg_and_srv/cmake/vrep_skeleton_msg_and_srv-msg-extras.cmake
Already unlinked: {}
Unlinking: /home/dyros-vehicle/gitrepo/quickstart_ws/devel/share/vrep_skeleton_msg_and_srv/cmake/vrep_skeleton_msg_and_srvConfig-version.cmake
Already unlinked: {}
Unlinking: /home/dyros-vehicle/gitrepo/quickstart_ws/devel/share/roseus/ros/vrep_skeleton_msg_and_srv/manifest.l
Already unlinked: {}
Unlinking: /home/dyros-vehicle/gitrepo/quickstart_ws/devel/share/roseus/ros/vrep_skeleton_msg_and_srv/srv/displayText.l
Already unlinked: {}
Unlinking: /home/dyros-vehicle/gitrepo/quickstart_ws/devel/lib/python2.7/dist-packages/vrep_skeleton_msg_and_srv/__init__.py
Already unlinked: {}
Unlinking: /home/dyros-vehicle/gitrepo/quickstart_ws/devel/lib/python2.7/dist-packages/vrep_skeleton_msg_and_srv/srv/_displayText.py
Already unlinked: {}
Unlinking: /home/dyros-vehicle/gitrepo/quickstart_ws/devel/lib/python2.7/dist-packages/vrep_skeleton_msg_and_srv/srv/__init__.py
Already unlinked: {}
Unlinking: /home/dyros-vehicle/gitrepo/quickstart_ws/devel/lib/pkgconfig/vrep_skeleton_msg_and_srv.pc
Already unlinked: {}
Unlinking: /home/dyros-vehicle/gitrepo/quickstart_ws/devel/include/vrep_skeleton_msg_and_srv/displayText.h
Already unlinked: {}
Unlinking: /home/dyros-vehicle/gitrepo/quickstart_ws/devel/include/vrep_skeleton_msg_and_srv/displayTextRequest.h
Already unlinked: {}
Unlinking: /home/dyros-vehicle/gitrepo/quickstart_ws/devel/include/vrep_skeleton_msg_and_srv/displayTextResponse.h
Already unlinked: {}
