Determining if the pthread_create exist failed with the following output:
Change Dir: /home/dyros-vehicle/gitrepo/lockdpwn/ROS/vrep_ros_ws/build/vrep_ros_interface/CMakeFiles/CMakeTmp

Run Build Command:"/usr/bin/make" "cmTC_9bf37/fast"
/usr/bin/make -f CMakeFiles/cmTC_9bf37.dir/build.make CMakeFiles/cmTC_9bf37.dir/build
make[1]: Entering directory `/home/dyros-vehicle/gitrepo/lockdpwn/ROS/vrep_ros_ws/build/vrep_ros_interface/CMakeFiles/CMakeTmp'
Building C object CMakeFiles/cmTC_9bf37.dir/CheckSymbolExists.c.o
/usr/bin/cc     -o CMakeFiles/cmTC_9bf37.dir/CheckSymbolExists.c.o   -c /home/dyros-vehicle/gitrepo/lockdpwn/ROS/vrep_ros_ws/build/vrep_ros_interface/CMakeFiles/CMakeTmp/CheckSymbolExists.c
Linking C executable cmTC_9bf37
/usr/bin/cmake -E cmake_link_script CMakeFiles/cmTC_9bf37.dir/link.txt --verbose=1
/usr/bin/cc       CMakeFiles/cmTC_9bf37.dir/CheckSymbolExists.c.o  -o cmTC_9bf37 -rdynamic 
CMakeFiles/cmTC_9bf37.dir/CheckSymbolExists.c.o: In function `main':
CheckSymbolExists.c:(.text+0x16): undefined reference to `pthread_create'
collect2: error: ld returned 1 exit status
make[1]: *** [cmTC_9bf37] 오류 1
make[1]: Leaving directory `/home/dyros-vehicle/gitrepo/lockdpwn/ROS/vrep_ros_ws/build/vrep_ros_interface/CMakeFiles/CMakeTmp'
make: *** [cmTC_9bf37/fast] 오류 2

File /home/dyros-vehicle/gitrepo/lockdpwn/ROS/vrep_ros_ws/build/vrep_ros_interface/CMakeFiles/CMakeTmp/CheckSymbolExists.c:
/* */
#include <pthread.h>

int main(int argc, char** argv)
{
  (void)argv;
#ifndef pthread_create
  return ((int*)(&pthread_create))[argc];
#else
  (void)argc;
  return 0;
#endif
}

Determining if the function pthread_create exists in the pthreads failed with the following output:
Change Dir: /home/dyros-vehicle/gitrepo/lockdpwn/ROS/vrep_ros_ws/build/vrep_ros_interface/CMakeFiles/CMakeTmp

Run Build Command:"/usr/bin/make" "cmTC_a5590/fast"
/usr/bin/make -f CMakeFiles/cmTC_a5590.dir/build.make CMakeFiles/cmTC_a5590.dir/build
make[1]: Entering directory `/home/dyros-vehicle/gitrepo/lockdpwn/ROS/vrep_ros_ws/build/vrep_ros_interface/CMakeFiles/CMakeTmp'
Building C object CMakeFiles/cmTC_a5590.dir/CheckFunctionExists.c.o
/usr/bin/cc    -DCHECK_FUNCTION_EXISTS=pthread_create   -o CMakeFiles/cmTC_a5590.dir/CheckFunctionExists.c.o   -c /usr/share/cmake-3.5/Modules/CheckFunctionExists.c
Linking C executable cmTC_a5590
/usr/bin/cmake -E cmake_link_script CMakeFiles/cmTC_a5590.dir/link.txt --verbose=1
/usr/bin/cc   -DCHECK_FUNCTION_EXISTS=pthread_create    CMakeFiles/cmTC_a5590.dir/CheckFunctionExists.c.o  -o cmTC_a5590 -rdynamic -lpthreads 
/usr/bin/ld: cannot find -lpthreads
collect2: error: ld returned 1 exit status
make[1]: *** [cmTC_a5590] 오류 1
make[1]: Leaving directory `/home/dyros-vehicle/gitrepo/lockdpwn/ROS/vrep_ros_ws/build/vrep_ros_interface/CMakeFiles/CMakeTmp'
make: *** [cmTC_a5590/fast] 오류 2


